<?xml version="1.0" encoding="UTF-8"?>
<!-- Generated by org.testng.reporters.JUnitXMLReporter -->
<testsuite hostname="DESKTOP-9KU8G8P" ignored="0" name="Default test" tests="4" failures="0" timestamp="27 Dec 2018 05:45:39 GMT" time="165.878" errors="0">
  <testcase name="verifyHomePageTitleTest" time="0.925" classname="testcases.HomePageTest"/>
  <testcase name="verifyUserNameTest" time="11.524" classname="testcases.HomePageTest"/>
  <testcase name="verifyContactsLinkTest" time="13.631" classname="testcases.HomePageTest"/>
  <testcase name="verifyFormsPageTest" time="12.185" classname="testcases.HomePageTest"/>
</testsuite> <!-- Default test -->
