<?xml version="1.0" encoding="UTF-8"?>
<testng-results skipped="0" failed="0" ignored="0" total="2" passed="2">
  <reporter-output>
  </reporter-output>
  <suite name="Command line suite" duration-ms="94646" started-at="2019-01-01T14:19:56Z" finished-at="2019-01-01T14:21:31Z">
    <groups>
    </groups>
    <test name="Command line test" duration-ms="94646" started-at="2019-01-01T14:19:56Z" finished-at="2019-01-01T14:21:31Z">
      <class name="testcases.HomePageTest">
        <test-method status="PASS" signature="setUp()[pri:0, instance:testcases.HomePageTest@7ca48474]" name="setUp" is-config="true" duration-ms="51759" started-at="2019-01-01T14:19:56Z" finished-at="2019-01-01T14:20:48Z">
          <reporter-output>
          </reporter-output>
        </test-method> <!-- setUp -->
        <test-method status="PASS" signature="verifyHomePageTitleTest()[pri:1, instance:testcases.HomePageTest@7ca48474]" name="verifyHomePageTitleTest" duration-ms="3683" started-at="2019-01-01T14:20:48Z" finished-at="2019-01-01T14:20:52Z">
          <reporter-output>
          </reporter-output>
        </test-method> <!-- verifyHomePageTitleTest -->
        <test-method status="PASS" signature="tearDown()[pri:0, instance:testcases.HomePageTest@7ca48474]" name="tearDown" is-config="true" duration-ms="2910" started-at="2019-01-01T14:20:52Z" finished-at="2019-01-01T14:20:55Z">
          <reporter-output>
          </reporter-output>
        </test-method> <!-- tearDown -->
      </class> <!-- testcases.HomePageTest -->
      <class name="testcases.LoginPageTest">
        <test-method status="PASS" signature="setUp()[pri:0, instance:testcases.LoginPageTest@337d0578]" name="setUp" is-config="true" duration-ms="31075" started-at="2019-01-01T14:20:55Z" finished-at="2019-01-01T14:21:26Z">
          <reporter-output>
          </reporter-output>
        </test-method> <!-- setUp -->
        <test-method status="PASS" signature="crmLogoTest()[pri:1, instance:testcases.LoginPageTest@337d0578]" name="crmLogoTest" duration-ms="3150" started-at="2019-01-01T14:21:26Z" finished-at="2019-01-01T14:21:29Z">
          <reporter-output>
          </reporter-output>
        </test-method> <!-- crmLogoTest -->
        <test-method status="PASS" signature="tearDown()[pri:0, instance:testcases.LoginPageTest@337d0578]" name="tearDown" is-config="true" duration-ms="2001" started-at="2019-01-01T14:21:29Z" finished-at="2019-01-01T14:21:31Z">
          <reporter-output>
          </reporter-output>
        </test-method> <!-- tearDown -->
      </class> <!-- testcases.LoginPageTest -->
    </test> <!-- Command line test -->
  </suite> <!-- Command line suite -->
</testng-results>
